\BOOKMARK [0][-]{Cover.0}{\376\377\134\001\227\142}{}% 1
\BOOKMARK [0][-]{Abstract.0}{\376\377\116\055\202\361\145\207\144\130\211\201}{}% 2
\BOOKMARK [0][-]{Content.0}{\376\377\166\356\137\125}{}% 3
\BOOKMARK [0][-]{chapter.1}{\376\377\173\054\000\040\0001\000\040\172\340\000\040\000\040\152\041\147\177\116\313\176\315}{}% 4
\BOOKMARK [1][-]{section.1.1}{\376\377\0001\000.\0001\000\040\152\041\147\177\203\267\123\326}{chapter.1}% 5
\BOOKMARK [1][-]{section.1.2}{\376\377\0001\000.\0002\000\040\137\000\123\321\163\257\130\203}{chapter.1}% 6
\BOOKMARK [1][-]{section.1.3}{\376\377\0001\000.\0003\000\040\152\041\147\177\147\204\142\020}{chapter.1}% 7
\BOOKMARK [0][-]{chapter.2}{\376\377\173\054\000\040\0002\000\040\172\340\000\040\000\040\152\041\147\177\117\177\165\050}{}% 8
\BOOKMARK [1][-]{section.2.1}{\376\377\0002\000.\0001\000\040\117\341\140\157\137\125\121\145}{chapter.2}% 9
\BOOKMARK [2][-]{subsection.2.1.1}{\376\377\0002\000.\0001\000.\0001\000\040\213\272\145\207\117\341\140\157}{section.2.1}% 10
\BOOKMARK [2][-]{subsection.2.1.2}{\376\377\0002\000.\0001\000.\0002\000\040\130\236\122\240\133\217\123\005}{section.2.1}% 11
\BOOKMARK [1][-]{section.2.2}{\376\377\0002\000.\0002\000\040\153\143\145\207\144\260\121\231}{chapter.2}% 12
\BOOKMARK [2][-]{subsection.2.2.1}{\376\377\0002\000.\0002\000.\0001\000\040\121\145\225\350\116\146\174\115}{section.2.2}% 13
\BOOKMARK [2][-]{subsection.2.2.2}{\376\377\0002\000.\0002\000.\0002\000\040\121\154\137\017\177\026\217\221}{section.2.2}% 14
\BOOKMARK [2][-]{subsection.2.2.3}{\376\377\0002\000.\0002\000.\0003\000\040\126\376\210\150\176\330\122\066}{section.2.2}% 15
\BOOKMARK [1][-]{section.2.3}{\376\377\0002\000.\0003\000\040\123\302\200\003\145\207\163\056}{chapter.2}% 16
\BOOKMARK [2][-]{subsection.2.3.1}{\376\377\0002\000.\0003\000.\0001\000\040\145\207\163\056\203\267\123\326}{section.2.3}% 17
\BOOKMARK [2][-]{subsection.2.3.2}{\376\377\0002\000.\0003\000.\0002\000\040\145\207\163\056\137\025\165\050}{section.2.3}% 18
\BOOKMARK [1][-]{section.2.4}{\376\377\0002\000.\0004\000\040\152\041\147\177\177\026\213\321}{chapter.2}% 19
\BOOKMARK [0][-]{chapter.3}{\376\377\173\054\000\040\0003\000\040\172\340\000\040\000\040\152\041\147\177\173\124\165\221}{}% 20
\BOOKMARK [1][-]{section.3.1}{\376\377\0003\000.\0001\000\040\225\356\230\230\123\315\231\210}{chapter.3}% 21
\BOOKMARK [1][-]{section.3.2}{\376\377\0003\000.\0002\000\040\225\356\230\230\126\336\173\124}{chapter.3}% 22
\BOOKMARK [2][-]{subsection.3.2.1}{\376\377\0003\000.\0002\000.\0001\000\040\152\041\147\177\225\356\230\230}{section.3.2}% 23
\BOOKMARK [2][-]{subsection.3.2.2}{\376\377\0003\000.\0002\000.\0002\000\040\143\222\162\110\225\356\230\230}{section.3.2}% 24
\BOOKMARK [2][-]{subsection.3.2.3}{\376\377\0003\000.\0002\000.\0003\000\040\121\166\133\203\225\356\230\230}{section.3.2}% 25
\BOOKMARK [0][-]{chapter.4}{\376\377\173\054\000\040\0004\000\040\172\340\000\040\000\040\176\323\147\137\213\355}{}% 26
\BOOKMARK [1][-]{section.4.1}{\376\377\0004\000.\0001\000\040\121\115\215\043\130\360\146\016}{chapter.4}% 27
\BOOKMARK [1][-]{section.4.2}{\376\377\0004\000.\0002\000\040\117\356\145\071\213\364\146\016}{chapter.4}% 28
\BOOKMARK [0][-]{chapter*.10}{\376\377\176\323\213\272}{}% 29
\BOOKMARK [0][-]{chapter*.11}{\376\377\201\364\214\042}{}% 30
\BOOKMARK [0][-]{chapter*.12}{\376\377\123\302\200\003\145\207\163\056}{}% 31
\BOOKMARK [0][-]{chapter*.13}{\376\377\226\104\137\125\000\040\000A}{}% 32
\BOOKMARK [0][-]{chapter*.14}{\376\377\145\073\213\373\123\132\130\353\133\146\117\115\147\037\225\364\123\321\210\150\166\204\213\272\145\207\123\312\171\321\170\024\142\020\147\234}{}% 33
